<?xml version="1.0" encoding="UTF-8"?>
<testsuite name="symbol.SymbolTableTest" tests="1" skipped="0" failures="0" errors="0" timestamp="2021-04-22T06:33:21" hostname="nextstep.local" time="0.002">
  <properties/>
  <testcase name="테이블에 데이터 추가()" classname="symbol.SymbolTableTest" time="0.002"/>
  <system-out><![CDATA[]]></system-out>
  <system-err><![CDATA[]]></system-err>
</testsuite>
