<?xml version="1.0" encoding="UTF-8"?>
<testsuite name="parser.ParserTest" tests="3" skipped="0" failures="0" errors="0" timestamp="2021-04-27T13:04:15" hostname="nextstep.local" time="0.097">
  <properties/>
  <testcase name="getCommandType" classname="parser.ParserTest" time="0.075"/>
  <testcase name="getArg1" classname="parser.ParserTest" time="0.004"/>
  <testcase name="getArg2" classname="parser.ParserTest" time="0.018"/>
  <system-out><![CDATA[]]></system-out>
  <system-err><![CDATA[]]></system-err>
</testsuite>
